# JRE version: Java(TM) SE Runtime Environment 18.9 (11.0.11+9) (build 11.0.11+9-LTS-194)
# Java VM: Java HotSpot(TM) 64-Bit Server VM 18.9 (11.0.11+9-LTS-194, mixed mode, tiered, compressed oops, g1 gc, windows-amd64)
Heap:
 garbage-first heap   total 315392K, used 21668K [0x0000000701c00000, 0x0000000800000000)
  region size 1024K, 12 young (12288K), 12 survivors (12288K)
 Metaspace       used 52964K, capacity 54515K, committed 54528K, reserved 1110016K
  class space    used 7048K, capacity 7668K, committed 7680K, reserved 1048576K
GC Heap History (10 events):
Event: 1.758 GC heap before
{Heap before GC invocations=4 (full 0):
 garbage-first heap   total 262144K, used 73266K [0x0000000701c00000, 0x0000000800000000)
  region size 1024K, 69 young (70656K), 6 survivors (6144K)
 Metaspace       used 27356K, capacity 28284K, committed 28416K, reserved 1073152K
  class space    used 3380K, capacity 3733K, committed 3840K, reserved 1048576K
}
Event: 1.765 GC heap after
{Heap after GC invocations=5 (full 0):
 garbage-first heap   total 262144K, used 11976K [0x0000000701c00000, 0x0000000800000000)
  region size 1024K, 5 young (5120K), 5 survivors (5120K)
 Metaspace       used 27356K, capacity 28284K, committed 28416K, reserved 1073152K
  class space    used 3380K, capacity 3733K, committed 3840K, reserved 1048576K
}
Event: 2.540 GC heap before
{Heap before GC invocations=5 (full 0):
 garbage-first heap   total 262144K, used 146120K [0x0000000701c00000, 0x0000000800000000)
  region size 1024K, 138 young (141312K), 5 survivors (5120K)
 Metaspace       used 34600K, capacity 35748K, committed 35840K, reserved 1081344K
  class space    used 4445K, capacity 4914K, committed 4992K, reserved 1048576K
}
Event: 2.548 GC heap after
{Heap after GC invocations=6 (full 0):
 garbage-first heap   total 262144K, used 15299K [0x0000000701c00000, 0x0000000800000000)
  region size 1024K, 8 young (8192K), 8 survivors (8192K)
 Metaspace       used 34600K, capacity 35748K, committed 35840K, reserved 1081344K
  class space    used 4445K, capacity 4914K, committed 4992K, reserved 1048576K
}
Event: 3.143 GC heap before
{Heap before GC invocations=7 (full 0):
 garbage-first heap   total 262144K, used 162755K [0x0000000701c00000, 0x0000000800000000)
  region size 1024K, 153 young (156672K), 8 survivors (8192K)
 Metaspace       used 42455K, capacity 43916K, committed 44160K, reserved 1087488K
  class space    used 5589K, capacity 6209K, committed 6272K, reserved 1048576K
}
Event: 3.152 GC heap after
{Heap after GC invocations=8 (full 0):
 garbage-first heap   total 315392K, used 18672K [0x0000000701c00000, 0x0000000800000000)
  region size 1024K, 12 young (12288K), 12 survivors (12288K)
 Metaspace       used 42455K, capacity 43916K, committed 44160K, reserved 1087488K
  class space    used 5589K, capacity 6209K, committed 6272K, reserved 1048576K
}
Event: 3.793 GC heap before
{Heap before GC invocations=8 (full 0):
 garbage-first heap   total 315392K, used 73968K [0x0000000701c00000, 0x0000000800000000)
  region size 1024K, 67 young (68608K), 12 survivors (12288K)
 Metaspace       used 52623K, capacity 54219K, committed 54272K, reserved 1110016K
  class space    used 6975K, capacity 7633K, committed 7680K, reserved 1048576K
}
Event: 3.804 GC heap after
{Heap after GC invocations=9 (full 0):
 garbage-first heap   total 315392K, used 21341K [0x0000000701c00000, 0x0000000800000000)
  region size 1024K, 14 young (14336K), 14 survivors (14336K)
 Metaspace       used 52623K, capacity 54219K, committed 54272K, reserved 1110016K
  class space    used 6975K, capacity 7633K, committed 7680K, reserved 1048576K
}
Event: 3.880 GC heap before
{Heap before GC invocations=10 (full 0):
 garbage-first heap   total 315392K, used 25437K [0x0000000701c00000, 0x0000000800000000)
  region size 1024K, 19 young (19456K), 14 survivors (14336K)
 Metaspace       used 52964K, capacity 54515K, committed 54528K, reserved 1110016K
  class space    used 7048K, capacity 7668K, committed 7680K, reserved 1048576K
}
Event: 3.890 GC heap after
{Heap after GC invocations=11 (full 0):
 garbage-first heap   total 315392K, used 21668K [0x0000000701c00000, 0x0000000800000000)
  region size 1024K, 12 young (12288K), 12 survivors (12288K)
 Metaspace       used 52964K, capacity 54515K, committed 54528K, reserved 1110016K
  class space    used 7048K, capacity 7668K, committed 7680K, reserved 1048576K
}

